{"/Users/amitaysoffer/Documents/code/Andy_MasterMind/projects/calculator_app/functions/calcFunc.js": {"path":"/Users/amitaysoffer/Documents/code/Andy_MasterMind/projects/calculator_app/functions/calcFunc.js","statementMap":{"0":{"start":{"line":1,"column":17},"end":{"line":12,"column":1}},"1":{"start":{"line":2,"column":2},"end":{"line":11,"column":3}},"2":{"start":{"line":4,"column":6},"end":{"line":4,"column":60}},"3":{"start":{"line":6,"column":6},"end":{"line":6,"column":60}},"4":{"start":{"line":8,"column":6},"end":{"line":8,"column":60}},"5":{"start":{"line":10,"column":6},"end":{"line":10,"column":60}},"6":{"start":{"line":14,"column":0},"end":{"line":14,"column":26}}},"fnMap":{"0":{"name":"(anonymous_0)","decl":{"start":{"line":1,"column":17},"end":{"line":1,"column":18}},"loc":{"start":{"line":1,"column":62},"end":{"line":12,"column":1}},"line":1}},"branchMap":{"0":{"loc":{"start":{"line":2,"column":2},"end":{"line":11,"column":3}},"type":"switch","locations":[{"start":{"line":3,"column":4},"end":{"line":4,"column":60}},{"start":{"line":5,"column":4},"end":{"line":6,"column":60}},{"start":{"line":7,"column":4},"end":{"line":8,"column":60}},{"start":{"line":9,"column":4},"end":{"line":10,"column":60}}],"line":2}},"s":{"0":1,"1":4,"2":1,"3":1,"4":1,"5":1,"6":1},"f":{"0":4},"b":{"0":[1,1,1,1]},"_coverageSchema":"1a1c01bbd47fc00a2c39e90264f33305004495a9","hash":"21ffd85b7c470256b9d5a8765fa443698e08b52d"}
,"/Users/amitaysoffer/Documents/code/Andy_MasterMind/projects/calculator_app/functions/createErrorMessage.js": {"path":"/Users/amitaysoffer/Documents/code/Andy_MasterMind/projects/calculator_app/functions/createErrorMessage.js","statementMap":{"0":{"start":{"line":1,"column":27},"end":{"line":3,"column":1}},"1":{"start":{"line":2,"column":2},"end":{"line":2,"column":66}},"2":{"start":{"line":5,"column":0},"end":{"line":5,"column":36}}},"fnMap":{"0":{"name":"(anonymous_0)","decl":{"start":{"line":1,"column":27},"end":{"line":1,"column":28}},"loc":{"start":{"line":1,"column":39},"end":{"line":3,"column":1}},"line":1}},"branchMap":{},"s":{"0":1,"1":1,"2":1},"f":{"0":1},"b":{},"_coverageSchema":"1a1c01bbd47fc00a2c39e90264f33305004495a9","hash":"90c817f7b1cc9075dde74bff1c4d2f274123c30a"}
}
